<?xml version="1.0" encoding="UTF-8"?>
<testsuite xmlns:xsi="http://www.w3.org/2001/XMLSchema-instance" xsi:noNamespaceSchemaLocation="https://maven.apache.org/surefire/maven-surefire-plugin/xsd/surefire-test-report.xsd" name="br.com.exactaworks.desafio.dinamica.gabriel.api0.integration.ExpensesControllerIntegrationTest" time="20.747" tests="3" errors="0" skipped="0" failures="0">
  <properties>
[...]
</properties>
  <testcase name="givenUrl_whenSuccessOnGetsResponseAndJsonHasRequiredKV_thenCorrect" classname="br.com.exactaworks.desafio.dinamica.gabriel.api0.integration.ExpensesControllerIntegrationTest" time="2.357"/>
  <testcase name="givenUrl_whenSuccessOnGetsResponseAndJsonHasOneExpense_thenCorrect" classname="br.com.exactaworks.desafio.dinamica.gabriel.api0.integration.ExpensesControllerIntegrationTest" time="0.795"/>
  <testcase name="givenUrl_whenSuccessOnGetsResponseAndJsonHasTwoExpense_thenCorrect" classname="br.com.exactaworks.desafio.dinamica.gabriel.api0.integration.ExpensesControllerIntegrationTest" time="0.047"/>
</testsuite>